{"D:\\web_pj\\learn\\JestTest\\simpleDemo\\liang.js": {"path":"D:\\web_pj\\learn\\JestTest\\simpleDemo\\liang.js","statementMap":{"0":{"start":{"line":1,"column":0},"end":{"line":1,"column":21}},"1":{"start":{"line":2,"column":0},"end":{"line":2,"column":38}},"2":{"start":{"line":3,"column":0},"end":{"line":3,"column":1}},"3":{"start":{"line":4,"column":0},"end":{"line":4,"column":0}},"4":{"start":{"line":5,"column":0},"end":{"line":5,"column":21}},"5":{"start":{"line":6,"column":0},"end":{"line":6,"column":38}},"6":{"start":{"line":7,"column":0},"end":{"line":7,"column":1}},"7":{"start":{"line":8,"column":0},"end":{"line":8,"column":0}},"8":{"start":{"line":9,"column":0},"end":{"line":9,"column":8}},"9":{"start":{"line":10,"column":0},"end":{"line":10,"column":6}},"10":{"start":{"line":11,"column":0},"end":{"line":11,"column":5}},"11":{"start":{"line":12,"column":0},"end":{"line":12,"column":1}}},"s":{"0":2,"1":2,"2":2,"3":1,"4":2,"5":2,"6":2,"7":1,"8":1,"9":1,"10":1,"11":1},"branchMap":{"0":{"type":"branch","line":12,"loc":{"start":{"line":12,"column":1},"end":{"line":12,"column":1}},"locations":[{"start":{"line":12,"column":1},"end":{"line":12,"column":1}}]},"1":{"type":"branch","line":12,"loc":{"start":{"line":12,"column":1},"end":{"line":12,"column":1}},"locations":[{"start":{"line":12,"column":1},"end":{"line":12,"column":1}}]},"2":{"type":"branch","line":1,"loc":{"start":{"line":1,"column":0},"end":{"line":3,"column":1}},"locations":[{"start":{"line":1,"column":0},"end":{"line":3,"column":1}}]},"3":{"type":"branch","line":2,"loc":{"start":{"line":2,"column":9},"end":{"line":2,"column":33}},"locations":[{"start":{"line":2,"column":9},"end":{"line":2,"column":33}}]},"4":{"type":"branch","line":5,"loc":{"start":{"line":5,"column":0},"end":{"line":7,"column":1}},"locations":[{"start":{"line":5,"column":0},"end":{"line":7,"column":1}}]},"5":{"type":"branch","line":6,"loc":{"start":{"line":6,"column":9},"end":{"line":6,"column":38}},"locations":[{"start":{"line":6,"column":9},"end":{"line":6,"column":38}}]}},"b":{"0":[2],"1":[2],"2":[2],"3":[0],"4":[2],"5":[0]},"fnMap":{"0":{"name":"Object.<anonymous>","decl":{"start":{"line":12,"column":1},"end":{"line":12,"column":1}},"loc":{"start":{"line":12,"column":1},"end":{"line":12,"column":1}},"line":12},"1":{"name":"foo","decl":{"start":{"line":1,"column":0},"end":{"line":3,"column":1}},"loc":{"start":{"line":1,"column":0},"end":{"line":3,"column":1}},"line":1},"2":{"name":"bar","decl":{"start":{"line":5,"column":0},"end":{"line":7,"column":1}},"loc":{"start":{"line":5,"column":0},"end":{"line":7,"column":1}},"line":5}},"f":{"0":2,"1":2,"2":2}}
,"D:\\web_pj\\learn\\JestTest\\test asynchronous\\fetchData.js": {"path":"D:\\web_pj\\learn\\JestTest\\test asynchronous\\fetchData.js","statementMap":{"0":{"start":{"line":1,"column":0},"end":{"line":1,"column":25}},"1":{"start":{"line":2,"column":0},"end":{"line":2,"column":0}},"2":{"start":{"line":3,"column":0},"end":{"line":3,"column":30}},"3":{"start":{"line":4,"column":0},"end":{"line":4,"column":45}},"4":{"start":{"line":5,"column":0},"end":{"line":5,"column":1}}},"s":{"0":1,"1":1,"2":1,"3":4,"4":4},"branchMap":{"0":{"type":"branch","line":5,"loc":{"start":{"line":5,"column":1},"end":{"line":5,"column":1}},"locations":[{"start":{"line":5,"column":1},"end":{"line":5,"column":1}}]},"1":{"type":"branch","line":5,"loc":{"start":{"line":5,"column":1},"end":{"line":5,"column":1}},"locations":[{"start":{"line":5,"column":1},"end":{"line":5,"column":1}}]},"2":{"type":"branch","line":5,"loc":{"start":{"line":5,"column":1},"end":{"line":5,"column":1}},"locations":[{"start":{"line":5,"column":1},"end":{"line":5,"column":1}}]},"3":{"type":"branch","line":5,"loc":{"start":{"line":5,"column":1},"end":{"line":5,"column":1}},"locations":[{"start":{"line":5,"column":1},"end":{"line":5,"column":1}}]},"4":{"type":"branch","line":3,"loc":{"start":{"line":3,"column":7},"end":{"line":5,"column":1}},"locations":[{"start":{"line":3,"column":7},"end":{"line":5,"column":1}}]}},"b":{"0":[1],"1":[1],"2":[1],"3":[0],"4":[4]},"fnMap":{"0":{"name":"Object.<anonymous>","decl":{"start":{"line":5,"column":1},"end":{"line":5,"column":1}},"loc":{"start":{"line":5,"column":1},"end":{"line":5,"column":1}},"line":5},"1":{"name":"_interopRequireDefault","decl":{"start":{"line":5,"column":1},"end":{"line":5,"column":1}},"loc":{"start":{"line":5,"column":1},"end":{"line":5,"column":1}},"line":5},"2":{"name":"fetchData","decl":{"start":{"line":3,"column":7},"end":{"line":5,"column":1}},"loc":{"start":{"line":3,"column":7},"end":{"line":5,"column":1}},"line":3}},"f":{"0":1,"1":1,"2":4}}
}
