TN:
SF:simpleDemo\liang.js
FN:12,Object.<anonymous>
FN:1,foo
FN:5,bar
FNF:3
FNH:3
FNDA:2,Object.<anonymous>
FNDA:2,foo
FNDA:2,bar
DA:1,2
DA:2,2
DA:3,2
DA:4,1
DA:5,2
DA:6,2
DA:7,2
DA:8,1
DA:9,1
DA:10,1
DA:11,1
DA:12,1
LF:12
LH:12
BRDA:12,0,0,2
BRDA:12,1,0,2
BRDA:1,2,0,2
BRDA:2,3,0,0
BRDA:5,4,0,2
BRDA:6,5,0,0
BRF:6
BRH:4
end_of_record
TN:
SF:test asynchronous\fetchData.js
FN:5,Object.<anonymous>
FN:5,_interopRequireDefault
FN:3,fetchData
FNF:3
FNH:3
FNDA:1,Object.<anonymous>
FNDA:1,_interopRequireDefault
FNDA:4,fetchData
DA:1,1
DA:2,1
DA:3,1
DA:4,4
DA:5,4
LF:5
LH:5
BRDA:5,0,0,1
BRDA:5,1,0,1
BRDA:5,2,0,1
BRDA:5,3,0,0
BRDA:3,4,0,4
BRF:5
BRH:4
end_of_record
